<?xml version="1.0" encoding="UTF-8"?>
<coverage generated="1734978832450" clover="3.2.0">
  <project timestamp="1734978832450" name="All files">
    <metrics statements="147" coveredstatements="104" conditionals="60" coveredconditionals="30" methods="30" coveredmethods="23" elements="237" coveredelements="157" complexity="0" loc="147" ncloc="147" packages="1" files="1" classes="1"/>
    <file name="index.ts" path="/Users/samuelironkwe/Documents/traftics/packages/tracker/src/index.ts">
      <metrics statements="147" coveredstatements="104" conditionals="60" coveredconditionals="30" methods="30" coveredmethods="23"/>
      <line num="1" count="1" type="stmt"/>
      <line num="2" count="1" type="stmt"/>
      <line num="7" count="1" type="stmt"/>
      <line num="13" count="1" type="stmt"/>
      <line num="14" count="2" type="stmt"/>
      <line num="15" count="2" type="stmt"/>
      <line num="19" count="2" type="stmt"/>
      <line num="23" count="2" type="stmt"/>
      <line num="24" count="2" type="stmt"/>
      <line num="25" count="2" type="stmt"/>
      <line num="27" count="2" type="stmt"/>
      <line num="29" count="2" type="stmt"/>
      <line num="32" count="2" type="stmt"/>
      <line num="37" count="2" type="stmt"/>
      <line num="38" count="2" type="stmt"/>
      <line num="39" count="2" type="stmt"/>
      <line num="40" count="2" type="cond" truecount="1" falsecount="1"/>
      <line num="41" count="2" type="stmt"/>
      <line num="42" count="2" type="stmt"/>
      <line num="43" count="2" type="stmt"/>
      <line num="44" count="2" type="stmt"/>
      <line num="46" count="2" type="stmt"/>
      <line num="48" count="2" type="stmt"/>
      <line num="49" count="2" type="stmt"/>
      <line num="51" count="2" type="stmt"/>
      <line num="52" count="0" type="stmt"/>
      <line num="53" count="0" type="stmt"/>
      <line num="56" count="2" type="stmt"/>
      <line num="57" count="0" type="stmt"/>
      <line num="58" count="0" type="stmt"/>
      <line num="61" count="2" type="stmt"/>
      <line num="62" count="2" type="stmt"/>
      <line num="64" count="2" type="stmt"/>
      <line num="70" count="2" type="stmt"/>
      <line num="74" count="27" type="cond" truecount="1" falsecount="0"/>
      <line num="75" count="25" type="stmt"/>
      <line num="77" count="27" type="stmt"/>
      <line num="78" count="0" type="stmt"/>
      <line num="79" count="0" type="stmt"/>
      <line num="90" count="27" type="stmt"/>
      <line num="91" count="27" type="stmt"/>
      <line num="92" count="27" type="stmt"/>
      <line num="95" count="27" type="cond" truecount="1" falsecount="0"/>
      <line num="96" count="23" type="stmt"/>
      <line num="101" count="25" type="cond" truecount="1" falsecount="0"/>
      <line num="102" count="23" type="stmt"/>
      <line num="105" count="25" type="cond" truecount="3" falsecount="1"/>
      <line num="106" count="25" type="stmt"/>
      <line num="110" count="2" type="cond" truecount="0" falsecount="1"/>
      <line num="112" count="2" type="cond" truecount="1" falsecount="0"/>
      <line num="113" count="2" type="stmt"/>
      <line num="114" count="2" type="stmt"/>
      <line num="116" count="2" type="stmt"/>
      <line num="117" count="5" type="stmt"/>
      <line num="118" count="0" type="stmt"/>
      <line num="120" count="0" type="stmt"/>
      <line num="122" count="0" type="stmt"/>
      <line num="124" count="0" type="stmt"/>
      <line num="128" count="0" type="stmt"/>
      <line num="132" count="2" type="stmt"/>
      <line num="133" count="2" type="stmt"/>
      <line num="135" count="2" type="stmt"/>
      <line num="136" count="5" type="stmt"/>
      <line num="137" count="5" type="stmt"/>
      <line num="139" count="5" type="stmt"/>
      <line num="156" count="2" type="stmt"/>
      <line num="157" count="2" type="stmt"/>
      <line num="162" count="7" type="cond" truecount="1" falsecount="0"/>
      <line num="163" count="2" type="stmt"/>
      <line num="164" count="2" type="stmt"/>
      <line num="177" count="2" type="stmt"/>
      <line num="181" count="7" type="stmt"/>
      <line num="182" count="0" type="cond" truecount="0" falsecount="1"/>
      <line num="183" count="0" type="stmt"/>
      <line num="188" count="2" type="stmt"/>
      <line num="190" count="4" type="stmt"/>
      <line num="204" count="7" type="cond" truecount="0" falsecount="1"/>
      <line num="206" count="0" type="stmt"/>
      <line num="207" count="0" type="stmt"/>
      <line num="208" count="0" type="stmt"/>
      <line num="211" count="7" type="stmt"/>
      <line num="212" count="7" type="stmt"/>
      <line num="214" count="7" type="stmt"/>
      <line num="215" count="8" type="stmt"/>
      <line num="216" count="8" type="stmt"/>
      <line num="222" count="0" type="cond" truecount="0" falsecount="1"/>
      <line num="225" count="0" type="cond" truecount="0" falsecount="1"/>
      <line num="226" count="0" type="stmt"/>
      <line num="227" count="0" type="cond" truecount="0" falsecount="1"/>
      <line num="228" count="0" type="stmt"/>
      <line num="229" count="0" type="stmt"/>
      <line num="230" count="0" type="stmt"/>
      <line num="235" count="0" type="cond" truecount="0" falsecount="3"/>
      <line num="236" count="0" type="stmt"/>
      <line num="239" count="8" type="stmt"/>
      <line num="242" count="8" type="stmt"/>
      <line num="243" count="1" type="stmt"/>
      <line num="244" count="1" type="stmt"/>
      <line num="247" count="0" type="stmt"/>
      <line num="251" count="0" type="stmt"/>
      <line num="252" count="0" type="stmt"/>
      <line num="253" count="0" type="stmt"/>
      <line num="254" count="0" type="cond" truecount="0" falsecount="2"/>
      <line num="256" count="0" type="stmt"/>
      <line num="262" count="0" type="cond" truecount="0" falsecount="1"/>
      <line num="263" count="0" type="stmt"/>
      <line num="266" count="0" type="stmt"/>
      <line num="268" count="0" type="stmt"/>
      <line num="273" count="2" type="cond" truecount="1" falsecount="0"/>
      <line num="274" count="2" type="stmt"/>
      <line num="276" count="2" type="stmt"/>
      <line num="284" count="2" type="stmt"/>
      <line num="289" count="2" type="stmt"/>
      <line num="290" count="2" type="stmt"/>
      <line num="291" count="2" type="stmt"/>
      <line num="292" count="2" type="cond" truecount="3" falsecount="1"/>
      <line num="294" count="2" type="stmt"/>
      <line num="296" count="2" type="cond" truecount="2" falsecount="0"/>
      <line num="298" count="0" type="stmt"/>
      <line num="299" count="0" type="stmt"/>
      <line num="304" count="2" type="stmt"/>
      <line num="305" count="2" type="stmt"/>
      <line num="306" count="2" type="cond" truecount="1" falsecount="0"/>
      <line num="307" count="2" type="stmt"/>
      <line num="308" count="2" type="stmt"/>
      <line num="321" count="2" type="stmt"/>
      <line num="322" count="2" type="stmt"/>
      <line num="323" count="3" type="stmt"/>
      <line num="331" count="3" type="stmt"/>
      <line num="335" count="2" type="stmt"/>
      <line num="336" count="0" type="stmt"/>
      <line num="347" count="2" type="stmt"/>
      <line num="348" count="0" type="stmt"/>
      <line num="365" count="2" type="stmt"/>
      <line num="366" count="19" type="stmt"/>
      <line num="367" count="19" type="cond" truecount="6" falsecount="0"/>
      <line num="368" count="19" type="stmt"/>
      <line num="369" count="19" type="stmt"/>
      <line num="370" count="11" type="cond" truecount="0" falsecount="1"/>
      <line num="371" count="0" type="stmt"/>
      <line num="385" count="1" type="stmt"/>
      <line num="387" count="18" type="stmt"/>
      <line num="399" count="18" type="stmt"/>
      <line num="414" count="1" type="cond" truecount="2" falsecount="1"/>
      <line num="415" count="0" type="stmt"/>
      <line num="420" count="0" type="stmt"/>
      <line num="421" count="0" type="stmt"/>
    </file>
  </project>
</coverage>
