{"/Users/samuelironkwe/Documents/traftics/packages/tracker/src/index.ts": {"path":"/Users/samuelironkwe/Documents/traftics/packages/tracker/src/index.ts","statementMap":{"0":{"start":{"line":1,"column":0},"end":{"line":1,"column":31}},"1":{"start":{"line":2,"column":0},"end":{"line":2,"column":36}},"2":{"start":{"line":7,"column":42},"end":{"line":11,"column":2}},"3":{"start":{"line":14,"column":19},"end":{"line":14,"column":55}},"4":{"start":{"line":15,"column":10},"end":{"line":15,"column":48}},"5":{"start":{"line":19,"column":10},"end":{"line":19,"column":43}},"6":{"start":{"line":23,"column":10},"end":{"line":23,"column":45}},"7":{"start":{"line":24,"column":10},"end":{"line":24,"column":36}},"8":{"start":{"line":25,"column":10},"end":{"line":25,"column":40}},"9":{"start":{"line":27,"column":10},"end":{"line":27,"column":41}},"10":{"start":{"line":29,"column":10},"end":{"line":29,"column":32}},"11":{"start":{"line":32,"column":4},"end":{"line":35,"column":6}},"12":{"start":{"line":37,"column":4},"end":{"line":37,"column":44}},"13":{"start":{"line":38,"column":4},"end":{"line":38,"column":30}},"14":{"start":{"line":39,"column":4},"end":{"line":39,"column":38}},"15":{"start":{"line":40,"column":4},"end":{"line":40,"column":73}},"16":{"start":{"line":41,"column":4},"end":{"line":41,"column":32}},"17":{"start":{"line":42,"column":4},"end":{"line":42,"column":40}},"18":{"start":{"line":43,"column":4},"end":{"line":45,"column":7}},"19":{"start":{"line":44,"column":6},"end":{"line":44,"column":31}},"20":{"start":{"line":46,"column":4},"end":{"line":46,"column":70}},"21":{"start":{"line":46,"column":46},"end":{"line":46,"column":68}},"22":{"start":{"line":48,"column":30},"end":{"line":48,"column":61}},"23":{"start":{"line":49,"column":33},"end":{"line":49,"column":67}},"24":{"start":{"line":51,"column":4},"end":{"line":54,"column":6}},"25":{"start":{"line":52,"column":6},"end":{"line":52,"column":33}},"26":{"start":{"line":53,"column":6},"end":{"line":53,"column":29}},"27":{"start":{"line":56,"column":4},"end":{"line":59,"column":6}},"28":{"start":{"line":57,"column":6},"end":{"line":57,"column":36}},"29":{"start":{"line":58,"column":6},"end":{"line":58,"column":29}},"30":{"start":{"line":61,"column":4},"end":{"line":61,"column":26}},"31":{"start":{"line":62,"column":4},"end":{"line":62,"column":36}},"32":{"start":{"line":64,"column":4},"end":{"line":68,"column":6}},"33":{"start":{"line":70,"column":4},"end":{"line":70,"column":37}},"34":{"start":{"line":74,"column":4},"end":{"line":76,"column":5}},"35":{"start":{"line":75,"column":6},"end":{"line":75,"column":48}},"36":{"start":{"line":77,"column":4},"end":{"line":86,"column":32}},"37":{"start":{"line":78,"column":6},"end":{"line":78,"column":18}},"38":{"start":{"line":79,"column":6},"end":{"line":85,"column":9}},"39":{"start":{"line":90,"column":4},"end":{"line":90,"column":32}},"40":{"start":{"line":91,"column":4},"end":{"line":91,"column":36}},"41":{"start":{"line":92,"column":4},"end":{"line":92,"column":32}},"42":{"start":{"line":95,"column":4},"end":{"line":97,"column":5}},"43":{"start":{"line":96,"column":6},"end":{"line":96,"column":31}},"44":{"start":{"line":101,"column":4},"end":{"line":103,"column":5}},"45":{"start":{"line":102,"column":6},"end":{"line":102,"column":45}},"46":{"start":{"line":105,"column":20},"end":{"line":105,"column":85}},"47":{"start":{"line":106,"column":4},"end":{"line":106,"column":71}},"48":{"start":{"line":106,"column":48},"end":{"line":106,"column":60}},"49":{"start":{"line":110,"column":4},"end":{"line":110,"column":39}},"50":{"start":{"line":110,"column":32},"end":{"line":110,"column":39}},"51":{"start":{"line":112,"column":4},"end":{"line":126,"column":5}},"52":{"start":{"line":113,"column":6},"end":{"line":113,"column":36}},"53":{"start":{"line":114,"column":22},"end":{"line":114,"column":42}},"54":{"start":{"line":116,"column":6},"end":{"line":125,"column":7}},"55":{"start":{"line":117,"column":8},"end":{"line":117,"column":73}},"56":{"start":{"line":117,"column":49},"end":{"line":117,"column":70}},"57":{"start":{"line":118,"column":8},"end":{"line":118,"column":29}},"58":{"start":{"line":120,"column":8},"end":{"line":120,"column":56}},"59":{"start":{"line":122,"column":8},"end":{"line":122,"column":33}},"60":{"start":{"line":124,"column":8},"end":{"line":124,"column":39}},"61":{"start":{"line":128,"column":4},"end":{"line":128,"column":25}},"62":{"start":{"line":132,"column":31},"end":{"line":132,"column":33}},"63":{"start":{"line":133,"column":29},"end":{"line":133,"column":45}},"64":{"start":{"line":135,"column":4},"end":{"line":154,"column":5}},"65":{"start":{"line":135,"column":17},"end":{"line":135,"column":18}},"66":{"start":{"line":136,"column":26},"end":{"line":136,"column":68}},"67":{"start":{"line":137,"column":27},"end":{"line":137,"column":54}},"68":{"start":{"line":139,"column":6},"end":{"line":153,"column":9}},"69":{"start":{"line":156,"column":4},"end":{"line":156,"column":38}},"70":{"start":{"line":157,"column":4},"end":{"line":157,"column":19}},"71":{"start":{"line":162,"column":4},"end":{"line":179,"column":5}},"72":{"start":{"line":163,"column":8},"end":{"line":178,"column":9}},"73":{"start":{"line":164,"column":12},"end":{"line":175,"column":15}},"74":{"start":{"line":177,"column":12},"end":{"line":177,"column":69}},"75":{"start":{"line":181,"column":20},"end":{"line":181,"column":52}},"76":{"start":{"line":182,"column":4},"end":{"line":184,"column":5}},"77":{"start":{"line":183,"column":8},"end":{"line":183,"column":38}},"78":{"start":{"line":188,"column":4},"end":{"line":200,"column":7}},"79":{"start":{"line":190,"column":8},"end":{"line":190,"column":31}},"80":{"start":{"line":204,"column":4},"end":{"line":209,"column":5}},"81":{"start":{"line":206,"column":6},"end":{"line":206,"column":32}},"82":{"start":{"line":207,"column":6},"end":{"line":207,"column":44}},"83":{"start":{"line":208,"column":6},"end":{"line":208,"column":19}},"84":{"start":{"line":211,"column":18},"end":{"line":211,"column":19}},"85":{"start":{"line":212,"column":18},"end":{"line":212,"column":44}},"86":{"start":{"line":214,"column":4},"end":{"line":245,"column":5}},"87":{"start":{"line":215,"column":6},"end":{"line":240,"column":7}},"88":{"start":{"line":216,"column":25},"end":{"line":220,"column":10}},"89":{"start":{"line":222,"column":8},"end":{"line":222,"column":37}},"90":{"start":{"line":222,"column":25},"end":{"line":222,"column":37}},"91":{"start":{"line":225,"column":8},"end":{"line":232,"column":9}},"92":{"start":{"line":226,"column":23},"end":{"line":226,"column":44}},"93":{"start":{"line":227,"column":10},"end":{"line":231,"column":11}},"94":{"start":{"line":228,"column":12},"end":{"line":228,"column":38}},"95":{"start":{"line":229,"column":12},"end":{"line":229,"column":24}},"96":{"start":{"line":230,"column":12},"end":{"line":230,"column":25}},"97":{"start":{"line":235,"column":8},"end":{"line":237,"column":9}},"98":{"start":{"line":236,"column":10},"end":{"line":236,"column":23}},"99":{"start":{"line":239,"column":8},"end":{"line":239,"column":62}},"100":{"start":{"line":242,"column":6},"end":{"line":242,"column":67}},"101":{"start":{"line":242,"column":37},"end":{"line":242,"column":65}},"102":{"start":{"line":243,"column":6},"end":{"line":243,"column":69}},"103":{"start":{"line":244,"column":6},"end":{"line":244,"column":16}},"104":{"start":{"line":247,"column":4},"end":{"line":247,"column":17}},"105":{"start":{"line":251,"column":4},"end":{"line":269,"column":5}},"106":{"start":{"line":252,"column":18},"end":{"line":252,"column":51}},"107":{"start":{"line":253,"column":27},"end":{"line":253,"column":52}},"108":{"start":{"line":254,"column":27},"end":{"line":254,"column":71}},"109":{"start":{"line":256,"column":6},"end":{"line":259,"column":9}},"110":{"start":{"line":262,"column":6},"end":{"line":264,"column":7}},"111":{"start":{"line":263,"column":8},"end":{"line":263,"column":29}},"112":{"start":{"line":266,"column":6},"end":{"line":266,"column":62}},"113":{"start":{"line":268,"column":6},"end":{"line":268,"column":61}},"114":{"start":{"line":273,"column":4},"end":{"line":275,"column":5}},"115":{"start":{"line":274,"column":6},"end":{"line":274,"column":45}},"116":{"start":{"line":276,"column":32},"end":{"line":282,"column":6}},"117":{"start":{"line":284,"column":4},"end":{"line":284,"column":31}},"118":{"start":{"line":289,"column":4},"end":{"line":300,"column":5}},"119":{"start":{"line":290,"column":23},"end":{"line":290,"column":74}},"120":{"start":{"line":291,"column":19},"end":{"line":291,"column":40}},"121":{"start":{"line":292,"column":18},"end":{"line":295,"column":23}},"122":{"start":{"line":294,"column":24},"end":{"line":294,"column":47}},"123":{"start":{"line":296,"column":6},"end":{"line":296,"column":25}},"124":{"start":{"line":298,"column":6},"end":{"line":298,"column":56}},"125":{"start":{"line":299,"column":6},"end":{"line":299,"column":18}},"126":{"start":{"line":304,"column":20},"end":{"line":304,"column":40}},"127":{"start":{"line":305,"column":16},"end":{"line":305,"column":26}},"128":{"start":{"line":306,"column":4},"end":{"line":317,"column":5}},"129":{"start":{"line":307,"column":6},"end":{"line":307,"column":33}},"130":{"start":{"line":308,"column":6},"end":{"line":316,"column":9}},"131":{"start":{"line":321,"column":33},"end":{"line":321,"column":60}},"132":{"start":{"line":322,"column":4},"end":{"line":332,"column":6}},"133":{"start":{"line":323,"column":6},"end":{"line":330,"column":9}},"134":{"start":{"line":331,"column":6},"end":{"line":331,"column":36}},"135":{"start":{"line":335,"column":4},"end":{"line":344,"column":7}},"136":{"start":{"line":336,"column":6},"end":{"line":343,"column":9}},"137":{"start":{"line":347,"column":4},"end":{"line":362,"column":7}},"138":{"start":{"line":348,"column":6},"end":{"line":361,"column":9}},"139":{"start":{"line":365,"column":26},"end":{"line":365,"column":38}},"140":{"start":{"line":366,"column":4},"end":{"line":401,"column":6}},"141":{"start":{"line":366,"column":74},"end":{"line":401,"column":6}},"142":{"start":{"line":367,"column":21},"end":{"line":367,"column":42}},"143":{"start":{"line":368,"column":6},"end":{"line":400,"column":7}},"144":{"start":{"line":369,"column":25},"end":{"line":369,"column":57}},"145":{"start":{"line":370,"column":8},"end":{"line":384,"column":9}},"146":{"start":{"line":371,"column":10},"end":{"line":383,"column":13}},"147":{"start":{"line":385,"column":8},"end":{"line":385,"column":24}},"148":{"start":{"line":387,"column":8},"end":{"line":398,"column":11}},"149":{"start":{"line":399,"column":8},"end":{"line":399,"column":20}},"150":{"start":{"line":13,"column":0},"end":{"line":13,"column":13}},"151":{"start":{"line":414,"column":0},"end":{"line":423,"column":1}},"152":{"start":{"line":415,"column":18},"end":{"line":418,"column":4}},"153":{"start":{"line":420,"column":2},"end":{"line":422,"column":5}},"154":{"start":{"line":421,"column":4},"end":{"line":421,"column":19}}},"fnMap":{"0":{"name":"(anonymous_13)","decl":{"start":{"line":31,"column":2},"end":{"line":31,"column":14}},"loc":{"start":{"line":31,"column":35},"end":{"line":71,"column":3}}},"1":{"name":"(anonymous_14)","decl":{"start":{"line":43,"column":28},"end":{"line":43,"column":29}},"loc":{"start":{"line":43,"column":41},"end":{"line":45,"column":5}}},"2":{"name":"(anonymous_15)","decl":{"start":{"line":46,"column":40},"end":{"line":46,"column":43}},"loc":{"start":{"line":46,"column":46},"end":{"line":46,"column":68}}},"3":{"name":"(anonymous_16)","decl":{"start":{"line":51,"column":24},"end":{"line":51,"column":25}},"loc":{"start":{"line":51,"column":36},"end":{"line":54,"column":5}}},"4":{"name":"(anonymous_17)","decl":{"start":{"line":56,"column":27},"end":{"line":56,"column":28}},"loc":{"start":{"line":56,"column":39},"end":{"line":59,"column":5}}},"5":{"name":"(anonymous_18)","decl":{"start":{"line":73,"column":10},"end":{"line":73,"column":30}},"loc":{"start":{"line":73,"column":30},"end":{"line":87,"column":3}}},"6":{"name":"(anonymous_19)","decl":{"start":{"line":77,"column":45},"end":{"line":77,"column":48}},"loc":{"start":{"line":77,"column":50},"end":{"line":86,"column":5}}},"7":{"name":"(anonymous_20)","decl":{"start":{"line":89,"column":10},"end":{"line":89,"column":20}},"loc":{"start":{"line":89,"column":41},"end":{"line":98,"column":3}}},"8":{"name":"(anonymous_21)","decl":{"start":{"line":100,"column":10},"end":{"line":100,"column":23}},"loc":{"start":{"line":100,"column":65},"end":{"line":107,"column":3}}},"9":{"name":"(anonymous_22)","decl":{"start":{"line":106,"column":42},"end":{"line":106,"column":45}},"loc":{"start":{"line":106,"column":48},"end":{"line":106,"column":60}}},"10":{"name":"(anonymous_23)","decl":{"start":{"line":109,"column":16},"end":{"line":109,"column":21}},"loc":{"start":{"line":109,"column":21},"end":{"line":129,"column":null}}},"11":{"name":"(anonymous_25)","decl":{"start":{"line":117,"column":38},"end":{"line":117,"column":39}},"loc":{"start":{"line":117,"column":49},"end":{"line":117,"column":70}}},"12":{"name":"(anonymous_26)","decl":{"start":{"line":131,"column":10},"end":{"line":131,"column":23}},"loc":{"start":{"line":131,"column":23},"end":{"line":158,"column":3}}},"13":{"name":"(anonymous_27)","decl":{"start":{"line":160,"column":16},"end":{"line":160,"column":25}},"loc":{"start":{"line":160,"column":40},"end":{"line":185,"column":null}}},"14":{"name":"(anonymous_29)","decl":{"start":{"line":187,"column":10},"end":{"line":187,"column":24}},"loc":{"start":{"line":187,"column":24},"end":{"line":201,"column":3}}},"15":{"name":"(anonymous_30)","decl":{"start":{"line":189,"column":12},"end":{"line":189,"column":13}},"loc":{"start":{"line":189,"column":37},"end":{"line":191,"column":7}}},"16":{"name":"(anonymous_31)","decl":{"start":{"line":203,"column":16},"end":{"line":203,"column":30}},"loc":{"start":{"line":203,"column":47},"end":{"line":248,"column":null}}},"17":{"name":"(anonymous_33)","decl":{"start":{"line":242,"column":24},"end":{"line":242,"column":25}},"loc":{"start":{"line":242,"column":37},"end":{"line":242,"column":65}}},"18":{"name":"(anonymous_34)","decl":{"start":{"line":250,"column":10},"end":{"line":250,"column":27}},"loc":{"start":{"line":250,"column":44},"end":{"line":270,"column":3}}},"19":{"name":"(anonymous_35)","decl":{"start":{"line":272,"column":9},"end":{"line":272,"column":13}},"loc":{"start":{"line":272,"column":13},"end":{"line":285,"column":3}}},"20":{"name":"(anonymous_36)","decl":{"start":{"line":288,"column":16},"end":{"line":288,"column":27}},"loc":{"start":{"line":288,"column":27},"end":{"line":301,"column":null}}},"21":{"name":"(anonymous_38)","decl":{"start":{"line":294,"column":14},"end":{"line":294,"column":15}},"loc":{"start":{"line":294,"column":24},"end":{"line":294,"column":47}}},"22":{"name":"(anonymous_39)","decl":{"start":{"line":303,"column":10},"end":{"line":303,"column":25}},"loc":{"start":{"line":303,"column":25},"end":{"line":318,"column":3}}},"23":{"name":"(anonymous_40)","decl":{"start":{"line":319,"column":10},"end":{"line":319,"column":35}},"loc":{"start":{"line":319,"column":35},"end":{"line":402,"column":3}}},"24":{"name":"(anonymous_41)","decl":{"start":{"line":322,"column":20},"end":{"line":322,"column":21}},"loc":{"start":{"line":322,"column":32},"end":{"line":332,"column":5}}},"25":{"name":"(anonymous_42)","decl":{"start":{"line":335,"column":50},"end":{"line":335,"column":51}},"loc":{"start":{"line":335,"column":60},"end":{"line":344,"column":5}}},"26":{"name":"(anonymous_43)","decl":{"start":{"line":347,"column":37},"end":{"line":347,"column":38}},"loc":{"start":{"line":347,"column":47},"end":{"line":362,"column":5}}},"27":{"name":"(anonymous_44)","decl":{"start":{"line":366,"column":19},"end":{"line":366,"column":26}},"loc":{"start":{"line":366,"column":74},"end":{"line":401,"column":6}}},"28":{"name":"(anonymous_45)","decl":{"start":{"line":366,"column":74},"end":{"line":366,"column":null}},"loc":{"start":{"line":366,"column":74},"end":{"line":401,"column":5}}},"29":{"name":"(anonymous_46)","decl":{"start":{"line":420,"column":36},"end":{"line":420,"column":39}},"loc":{"start":{"line":420,"column":41},"end":{"line":422,"column":3}}}},"branchMap":{"0":{"loc":{"start":{"line":40,"column":24},"end":{"line":40,"column":72}},"type":"binary-expr","locations":[{"start":{"line":40,"column":24},"end":{"line":40,"column":43}},{"start":{"line":40,"column":47},"end":{"line":40,"column":72}}]},"1":{"loc":{"start":{"line":74,"column":4},"end":{"line":76,"column":5}},"type":"if","locations":[{"start":{"line":74,"column":4},"end":{"line":76,"column":5}}]},"2":{"loc":{"start":{"line":95,"column":4},"end":{"line":97,"column":5}},"type":"if","locations":[{"start":{"line":95,"column":4},"end":{"line":97,"column":5}}]},"3":{"loc":{"start":{"line":100,"column":24},"end":{"line":100,"column":41}},"type":"default-arg","locations":[{"start":{"line":100,"column":36},"end":{"line":100,"column":41}}]},"4":{"loc":{"start":{"line":101,"column":4},"end":{"line":103,"column":5}},"type":"if","locations":[{"start":{"line":101,"column":4},"end":{"line":103,"column":5}}]},"5":{"loc":{"start":{"line":105,"column":20},"end":{"line":105,"column":85}},"type":"cond-expr","locations":[{"start":{"line":105,"column":32},"end":{"line":105,"column":33}},{"start":{"line":105,"column":37},"end":{"line":105,"column":84}}]},"6":{"loc":{"start":{"line":105,"column":37},"end":{"line":105,"column":84}},"type":"binary-expr","locations":[{"start":{"line":105,"column":37},"end":{"line":105,"column":50}},{"start":{"line":105,"column":54},"end":{"line":105,"column":84}}]},"7":{"loc":{"start":{"line":110,"column":4},"end":{"line":110,"column":39}},"type":"if","locations":[{"start":{"line":110,"column":4},"end":{"line":110,"column":39}}]},"8":{"loc":{"start":{"line":112,"column":4},"end":{"line":126,"column":5}},"type":"if","locations":[{"start":{"line":112,"column":4},"end":{"line":126,"column":5}}]},"9":{"loc":{"start":{"line":142,"column":12},"end":{"line":150,"column":14}},"type":"cond-expr","locations":[{"start":{"line":143,"column":12},"end":{"line":149,"column":null}},{"start":{"line":150,"column":12},"end":{"line":150,"column":14}}]},"10":{"loc":{"start":{"line":148,"column":24},"end":{"line":148,"column":50}},"type":"binary-expr","locations":[{"start":{"line":148,"column":24},"end":{"line":148,"column":37}},{"start":{"line":148,"column":41},"end":{"line":148,"column":50}}]},"11":{"loc":{"start":{"line":162,"column":4},"end":{"line":179,"column":5}},"type":"if","locations":[{"start":{"line":162,"column":4},"end":{"line":179,"column":5}}]},"12":{"loc":{"start":{"line":182,"column":4},"end":{"line":184,"column":5}},"type":"if","locations":[{"start":{"line":182,"column":4},"end":{"line":184,"column":5}}]},"13":{"loc":{"start":{"line":204,"column":4},"end":{"line":209,"column":5}},"type":"if","locations":[{"start":{"line":204,"column":4},"end":{"line":209,"column":5}}]},"14":{"loc":{"start":{"line":222,"column":8},"end":{"line":222,"column":37}},"type":"if","locations":[{"start":{"line":222,"column":8},"end":{"line":222,"column":37}}]},"15":{"loc":{"start":{"line":225,"column":8},"end":{"line":232,"column":9}},"type":"if","locations":[{"start":{"line":225,"column":8},"end":{"line":232,"column":9}}]},"16":{"loc":{"start":{"line":227,"column":10},"end":{"line":231,"column":11}},"type":"if","locations":[{"start":{"line":227,"column":10},"end":{"line":231,"column":11}}]},"17":{"loc":{"start":{"line":235,"column":8},"end":{"line":237,"column":9}},"type":"if","locations":[{"start":{"line":235,"column":8},"end":{"line":237,"column":9}}]},"18":{"loc":{"start":{"line":235,"column":12},"end":{"line":235,"column":59}},"type":"binary-expr","locations":[{"start":{"line":235,"column":12},"end":{"line":235,"column":34}},{"start":{"line":235,"column":38},"end":{"line":235,"column":59}}]},"19":{"loc":{"start":{"line":254,"column":27},"end":{"line":254,"column":71}},"type":"cond-expr","locations":[{"start":{"line":254,"column":42},"end":{"line":254,"column":66}},{"start":{"line":254,"column":69},"end":{"line":254,"column":71}}]},"20":{"loc":{"start":{"line":262,"column":6},"end":{"line":264,"column":7}},"type":"if","locations":[{"start":{"line":262,"column":6},"end":{"line":264,"column":7}}]},"21":{"loc":{"start":{"line":273,"column":4},"end":{"line":275,"column":5}},"type":"if","locations":[{"start":{"line":273,"column":4},"end":{"line":275,"column":5}}]},"22":{"loc":{"start":{"line":292,"column":18},"end":{"line":295,"column":23}},"type":"cond-expr","locations":[{"start":{"line":294,"column":48},"end":{"line":294,"column":null}},{"start":{"line":294,"column":48},"end":{"line":295,"column":23}}]},"23":{"loc":{"start":{"line":292,"column":18},"end":{"line":294,"column":null}},"type":"binary-expr","locations":[{"start":{"line":292,"column":18},"end":{"line":294,"column":null}},{"start":{"line":294,"column":48},"end":{"line":294,"column":null}}]},"24":{"loc":{"start":{"line":296,"column":13},"end":{"line":296,"column":24}},"type":"binary-expr","locations":[{"start":{"line":296,"column":13},"end":{"line":296,"column":16}},{"start":{"line":296,"column":20},"end":{"line":296,"column":24}}]},"25":{"loc":{"start":{"line":306,"column":4},"end":{"line":317,"column":5}},"type":"if","locations":[{"start":{"line":306,"column":4},"end":{"line":317,"column":5}}]},"26":{"loc":{"start":{"line":358,"column":19},"end":{"line":358,"column":37}},"type":"cond-expr","locations":[{"start":{"line":358,"column":30},"end":{"line":358,"column":32}},{"start":{"line":358,"column":30},"end":{"line":358,"column":37}}]},"27":{"loc":{"start":{"line":358,"column":19},"end":{"line":358,"column":32}},"type":"binary-expr","locations":[{"start":{"line":358,"column":19},"end":{"line":358,"column":32}},{"start":{"line":358,"column":30},"end":{"line":358,"column":32}}]},"28":{"loc":{"start":{"line":367,"column":21},"end":{"line":367,"column":42}},"type":"binary-expr","locations":[{"start":{"line":367,"column":21},"end":{"line":367,"column":33}},{"start":{"line":367,"column":37},"end":{"line":367,"column":42}}]},"29":{"loc":{"start":{"line":367,"column":21},"end":{"line":367,"column":33}},"type":"cond-expr","locations":[{"start":{"line":367,"column":25},"end":{"line":367,"column":27}},{"start":{"line":367,"column":21},"end":{"line":367,"column":33}}]},"30":{"loc":{"start":{"line":367,"column":21},"end":{"line":367,"column":27}},"type":"binary-expr","locations":[{"start":{"line":367,"column":21},"end":{"line":367,"column":27}},{"start":{"line":367,"column":21},"end":{"line":367,"column":27}}]},"31":{"loc":{"start":{"line":370,"column":8},"end":{"line":384,"column":9}},"type":"if","locations":[{"start":{"line":370,"column":8},"end":{"line":384,"column":9}}]},"32":{"loc":{"start":{"line":377,"column":21},"end":{"line":377,"column":107}},"type":"cond-expr","locations":[{"start":{"line":377,"column":48},"end":{"line":377,"column":57}},{"start":{"line":377,"column":60},"end":{"line":377,"column":107}}]},"33":{"loc":{"start":{"line":377,"column":60},"end":{"line":377,"column":107}},"type":"cond-expr","locations":[{"start":{"line":377,"column":83},"end":{"line":377,"column":99}},{"start":{"line":377,"column":102},"end":{"line":377,"column":107}}]},"34":{"loc":{"start":{"line":393,"column":19},"end":{"line":393,"column":105}},"type":"cond-expr","locations":[{"start":{"line":393,"column":46},"end":{"line":393,"column":55}},{"start":{"line":393,"column":58},"end":{"line":393,"column":105}}]},"35":{"loc":{"start":{"line":393,"column":58},"end":{"line":393,"column":105}},"type":"cond-expr","locations":[{"start":{"line":393,"column":81},"end":{"line":393,"column":97}},{"start":{"line":393,"column":100},"end":{"line":393,"column":105}}]},"36":{"loc":{"start":{"line":395,"column":21},"end":{"line":395,"column":77}},"type":"cond-expr","locations":[{"start":{"line":395,"column":46},"end":{"line":395,"column":59}},{"start":{"line":395,"column":62},"end":{"line":395,"column":77}}]},"37":{"loc":{"start":{"line":414,"column":0},"end":{"line":423,"column":1}},"type":"if","locations":[{"start":{"line":414,"column":0},"end":{"line":423,"column":1}}]},"38":{"loc":{"start":{"line":414,"column":4},"end":{"line":414,"column":46}},"type":"binary-expr","locations":[{"start":{"line":414,"column":4},"end":{"line":414,"column":33}},{"start":{"line":414,"column":37},"end":{"line":414,"column":46}}]}},"s":{"0":1,"1":1,"2":1,"3":2,"4":2,"5":2,"6":2,"7":2,"8":2,"9":2,"10":2,"11":2,"12":2,"13":2,"14":2,"15":2,"16":2,"17":2,"18":2,"19":2,"20":2,"21":2,"22":2,"23":2,"24":2,"25":0,"26":0,"27":2,"28":0,"29":0,"30":2,"31":2,"32":2,"33":2,"34":27,"35":25,"36":27,"37":0,"38":0,"39":27,"40":27,"41":27,"42":27,"43":23,"44":25,"45":23,"46":25,"47":25,"48":2,"49":2,"50":0,"51":2,"52":2,"53":2,"54":2,"55":2,"56":5,"57":0,"58":0,"59":0,"60":0,"61":0,"62":2,"63":2,"64":2,"65":2,"66":5,"67":5,"68":5,"69":2,"70":2,"71":7,"72":2,"73":2,"74":2,"75":7,"76":0,"77":0,"78":2,"79":4,"80":7,"81":0,"82":0,"83":0,"84":7,"85":7,"86":7,"87":8,"88":8,"89":0,"90":0,"91":0,"92":0,"93":0,"94":0,"95":0,"96":0,"97":0,"98":0,"99":8,"100":8,"101":8,"102":1,"103":1,"104":0,"105":0,"106":0,"107":0,"108":0,"109":0,"110":0,"111":0,"112":0,"113":0,"114":2,"115":2,"116":2,"117":2,"118":2,"119":2,"120":2,"121":2,"122":2,"123":2,"124":0,"125":0,"126":2,"127":2,"128":2,"129":2,"130":2,"131":2,"132":2,"133":3,"134":3,"135":2,"136":0,"137":2,"138":0,"139":2,"140":2,"141":19,"142":19,"143":19,"144":19,"145":11,"146":0,"147":1,"148":18,"149":18,"150":1,"151":1,"152":0,"153":0,"154":0},"f":{"0":2,"1":2,"2":2,"3":0,"4":0,"5":27,"6":0,"7":27,"8":25,"9":2,"10":2,"11":5,"12":2,"13":7,"14":2,"15":4,"16":7,"17":8,"18":0,"19":2,"20":2,"21":2,"22":2,"23":2,"24":3,"25":0,"26":0,"27":19,"28":19,"29":0},"b":{"0":[2,0],"1":[25],"2":[23],"3":[0],"4":[23],"5":[23,2],"6":[2,0],"7":[0],"8":[2],"9":[5,0],"10":[5,5],"11":[2],"12":[0],"13":[0],"14":[0],"15":[0],"16":[0],"17":[0],"18":[0,0],"19":[0,0],"20":[0],"21":[2],"22":[2,0],"23":[2,2],"24":[2,2],"25":[2],"26":[0,0],"27":[0,0],"28":[19,1],"29":[1,18],"30":[19,19],"31":[0],"32":[0,0],"33":[0,0],"34":[0,18],"35":[0,18],"36":[18,0],"37":[0],"38":[1,1]}}
}
