TN:
SF:src/index.ts
FN:31,(anonymous_13)
FN:43,(anonymous_14)
FN:46,(anonymous_15)
FN:51,(anonymous_16)
FN:56,(anonymous_17)
FN:73,(anonymous_18)
FN:77,(anonymous_19)
FN:89,(anonymous_20)
FN:100,(anonymous_21)
FN:106,(anonymous_22)
FN:109,(anonymous_23)
FN:117,(anonymous_25)
FN:131,(anonymous_26)
FN:160,(anonymous_27)
FN:187,(anonymous_29)
FN:189,(anonymous_30)
FN:203,(anonymous_31)
FN:242,(anonymous_33)
FN:250,(anonymous_34)
FN:272,(anonymous_35)
FN:288,(anonymous_36)
FN:294,(anonymous_38)
FN:303,(anonymous_39)
FN:319,(anonymous_40)
FN:322,(anonymous_41)
FN:335,(anonymous_42)
FN:347,(anonymous_43)
FN:366,(anonymous_44)
FN:366,(anonymous_45)
FN:420,(anonymous_46)
FNF:30
FNH:23
FNDA:2,(anonymous_13)
FNDA:2,(anonymous_14)
FNDA:2,(anonymous_15)
FNDA:0,(anonymous_16)
FNDA:0,(anonymous_17)
FNDA:27,(anonymous_18)
FNDA:0,(anonymous_19)
FNDA:27,(anonymous_20)
FNDA:25,(anonymous_21)
FNDA:2,(anonymous_22)
FNDA:2,(anonymous_23)
FNDA:5,(anonymous_25)
FNDA:2,(anonymous_26)
FNDA:7,(anonymous_27)
FNDA:2,(anonymous_29)
FNDA:4,(anonymous_30)
FNDA:7,(anonymous_31)
FNDA:8,(anonymous_33)
FNDA:0,(anonymous_34)
FNDA:2,(anonymous_35)
FNDA:2,(anonymous_36)
FNDA:2,(anonymous_38)
FNDA:2,(anonymous_39)
FNDA:2,(anonymous_40)
FNDA:3,(anonymous_41)
FNDA:0,(anonymous_42)
FNDA:0,(anonymous_43)
FNDA:19,(anonymous_44)
FNDA:19,(anonymous_45)
FNDA:0,(anonymous_46)
DA:1,1
DA:2,1
DA:7,1
DA:13,1
DA:14,2
DA:15,2
DA:19,2
DA:23,2
DA:24,2
DA:25,2
DA:27,2
DA:29,2
DA:32,2
DA:37,2
DA:38,2
DA:39,2
DA:40,2
DA:41,2
DA:42,2
DA:43,2
DA:44,2
DA:46,2
DA:48,2
DA:49,2
DA:51,2
DA:52,0
DA:53,0
DA:56,2
DA:57,0
DA:58,0
DA:61,2
DA:62,2
DA:64,2
DA:70,2
DA:74,27
DA:75,25
DA:77,27
DA:78,0
DA:79,0
DA:90,27
DA:91,27
DA:92,27
DA:95,27
DA:96,23
DA:101,25
DA:102,23
DA:105,25
DA:106,25
DA:110,2
DA:112,2
DA:113,2
DA:114,2
DA:116,2
DA:117,5
DA:118,0
DA:120,0
DA:122,0
DA:124,0
DA:128,0
DA:132,2
DA:133,2
DA:135,2
DA:136,5
DA:137,5
DA:139,5
DA:156,2
DA:157,2
DA:162,7
DA:163,2
DA:164,2
DA:177,2
DA:181,7
DA:182,0
DA:183,0
DA:188,2
DA:190,4
DA:204,7
DA:206,0
DA:207,0
DA:208,0
DA:211,7
DA:212,7
DA:214,7
DA:215,8
DA:216,8
DA:222,0
DA:225,0
DA:226,0
DA:227,0
DA:228,0
DA:229,0
DA:230,0
DA:235,0
DA:236,0
DA:239,8
DA:242,8
DA:243,1
DA:244,1
DA:247,0
DA:251,0
DA:252,0
DA:253,0
DA:254,0
DA:256,0
DA:262,0
DA:263,0
DA:266,0
DA:268,0
DA:273,2
DA:274,2
DA:276,2
DA:284,2
DA:289,2
DA:290,2
DA:291,2
DA:292,2
DA:294,2
DA:296,2
DA:298,0
DA:299,0
DA:304,2
DA:305,2
DA:306,2
DA:307,2
DA:308,2
DA:321,2
DA:322,2
DA:323,3
DA:331,3
DA:335,2
DA:336,0
DA:347,2
DA:348,0
DA:365,2
DA:366,19
DA:367,19
DA:368,19
DA:369,19
DA:370,11
DA:371,0
DA:385,1
DA:387,18
DA:399,18
DA:414,1
DA:415,0
DA:420,0
DA:421,0
LF:147
LH:104
BRDA:40,0,0,2
BRDA:40,0,1,0
BRDA:74,1,0,25
BRDA:95,2,0,23
BRDA:100,3,0,0
BRDA:101,4,0,23
BRDA:105,5,0,23
BRDA:105,5,1,2
BRDA:105,6,0,2
BRDA:105,6,1,0
BRDA:110,7,0,0
BRDA:112,8,0,2
BRDA:142,9,0,5
BRDA:142,9,1,0
BRDA:148,10,0,5
BRDA:148,10,1,5
BRDA:162,11,0,2
BRDA:182,12,0,0
BRDA:204,13,0,0
BRDA:222,14,0,0
BRDA:225,15,0,0
BRDA:227,16,0,0
BRDA:235,17,0,0
BRDA:235,18,0,0
BRDA:235,18,1,0
BRDA:254,19,0,0
BRDA:254,19,1,0
BRDA:262,20,0,0
BRDA:273,21,0,2
BRDA:292,22,0,2
BRDA:292,22,1,0
BRDA:292,23,0,2
BRDA:292,23,1,2
BRDA:296,24,0,2
BRDA:296,24,1,2
BRDA:306,25,0,2
BRDA:358,26,0,0
BRDA:358,26,1,0
BRDA:358,27,0,0
BRDA:358,27,1,0
BRDA:367,28,0,19
BRDA:367,28,1,1
BRDA:367,29,0,1
BRDA:367,29,1,18
BRDA:367,30,0,19
BRDA:367,30,1,19
BRDA:370,31,0,0
BRDA:377,32,0,0
BRDA:377,32,1,0
BRDA:377,33,0,0
BRDA:377,33,1,0
BRDA:393,34,0,0
BRDA:393,34,1,18
BRDA:393,35,0,0
BRDA:393,35,1,18
BRDA:395,36,0,18
BRDA:395,36,1,0
BRDA:414,37,0,0
BRDA:414,38,0,1
BRDA:414,38,1,1
BRF:60
BRH:30
end_of_record
